#
# There is insufficient memory for the Java Runtime Environment to continue.
# Native memory allocation (malloc) failed to allocate 130416 bytes for Chunk::new
# Possible reasons:
#   The system is out of physical RAM or swap space
#   In 32 bit mode, the process size limit was hit
# Possible solutions:
#   Reduce memory load on the system
#   Increase physical memory or swap space
#   Check if swap backing store is full
#   Use 64 bit Java on a 64 bit OS
#   Decrease Java heap size (-Xmx/-Xms)
#   Decrease number of Java threads
#   Decrease Java thread stack sizes (-Xss)
#   Set larger code cache with -XX:ReservedCodeCacheSize=
# This output file may be truncated or incomplete.
#
#  Out of Memory Error (allocation.cpp:390), pid=6756, tid=0x000000000000248c
#
# JRE version: Java(TM) SE Runtime Environment (8.0_161-b12) (build 1.8.0_161-b12)
# Java VM: Java HotSpot(TM) 64-Bit Server VM (25.161-b12 mixed mode windows-amd64 compressed oops)
# Failed to write core dump. Minidumps are not enabled by default on client versions of Windows
#

---------------  T H R E A D  ---------------

Current thread (0x000000001532b000):  JavaThread "C2 CompilerThread0" daemon [_thread_in_native, id=9356, stack(0x0000000016360000,0x0000000016460000)]

Stack: [0x0000000016360000,0x0000000016460000]
[error occurred during error reporting (printing stack bounds), id 0xc0000005]

Native frames: (J=compiled Java code, j=interpreted, Vv=VM code, C=native code)


Current CompileTask:
C2:   2082  619       4       sun.net.www.ParseUtil::encodePath (336 bytes)


---------------  P R O C E S S  ---------------

Java Threads: ( => current thread )
  0x0000000016b58800 JavaThread "Thread-3" daemon [_thread_in_native, id=12556, stack(0x0000000017ad0000,0x0000000017bd0000)]
  0x0000000016b04800 JavaThread "JavaFX Application Thread" [_thread_in_native, id=3752, stack(0x00000000171d0000,0x00000000172d0000)]
  0x0000000016aff800 JavaThread "Thread-2" daemon [_thread_blocked, id=10700, stack(0x00000000170d0000,0x00000000171d0000)]
  0x0000000016ad4800 JavaThread "QuantumRenderer-0" daemon [_thread_blocked, id=10356, stack(0x0000000016e40000,0x0000000016f40000)]
  0x0000000016a83000 JavaThread "JavaFX-Launcher" [_thread_blocked, id=12984, stack(0x0000000016b60000,0x0000000016c60000)]
  0x000000001539a800 JavaThread "Service Thread" daemon [_thread_blocked, id=10208, stack(0x0000000016560000,0x0000000016660000)]
  0x0000000015330800 JavaThread "C1 CompilerThread1" daemon [_thread_blocked, id=7632, stack(0x0000000016460000,0x0000000016560000)]
=>0x000000001532b000 JavaThread "C2 CompilerThread0" daemon [_thread_in_native, id=9356, stack(0x0000000016360000,0x0000000016460000)]
  0x0000000015329000 JavaThread "Attach Listener" daemon [_thread_blocked, id=11008, stack(0x0000000016260000,0x0000000016360000)]
  0x0000000015326000 JavaThread "Signal Dispatcher" daemon [_thread_blocked, id=6120, stack(0x0000000016160000,0x0000000016260000)]
  0x0000000015318800 JavaThread "Finalizer" daemon [_thread_blocked, id=10736, stack(0x0000000015f70000,0x0000000016070000)]
  0x0000000002f5f000 JavaThread "Reference Handler" daemon [_thread_blocked, id=1128, stack(0x0000000015e70000,0x0000000015f70000)]
  0x0000000002d2e000 JavaThread "main" [_thread_blocked, id=9376, stack(0x0000000002d70000,0x0000000002e70000)]

Other Threads:
  0x00000000152f5800 VMThread [stack: 0x0000000015d70000,0x0000000015e70000] [id=5012]
  0x000000001539f000 WatcherThread [stack: 0x0000000016660000,0x0000000016760000] [id=4020]

VM state:not at safepoint (normal execution)

VM Mutex/Monitor currently owned by a thread: None

Heap:
 PSYoungGen      total 18944K, used 15095K [0x00000000eb200000, 0x00000000ec700000, 0x0000000100000000)
  eden space 16384K, 92% used [0x00000000eb200000,0x00000000ec0bde18,0x00000000ec200000)
  from space 2560K, 0% used [0x00000000ec480000,0x00000000ec480000,0x00000000ec700000)
  to   space 2560K, 0% used [0x00000000ec200000,0x00000000ec200000,0x00000000ec480000)
 ParOldGen       total 44032K, used 0K [0x00000000c1600000, 0x00000000c4100000, 0x00000000eb200000)
  object space 44032K, 0% used [0x00000000c1600000,0x00000000c1600000,0x00000000c4100000)
 Metaspace       used 9500K, capacity 9906K, committed 10240K, reserved 1058816K
  class space    used 1293K, capacity 1441K, committed 1536K, reserved 1048576K

Card table byte_map: [0x0000000012330000,0x0000000012530000] byte_map_base: 0x0000000011d25000

Marking Bits: (ParMarkBitMap*) 0x000000006536f860
 Begin Bits: [0x0000000012880000, 0x0000000013828000)
 End Bits:   [0x0000000013828000, 0x00000000147d0000)

Polling page: 0x0000000002c50000

CodeCache: size=245760Kb used=2575Kb max_used=2575Kb free=243184Kb
 bounds [0x0000000002f70000, 0x0000000003200000, 0x0000000011f70000]
 total_blobs=1089 nmethods=620 adapters=383
 compilation: enabled

Compilation events (10 events):
Event: 1.994 Thread 0x0000000015330800 nmethod 614 0x00000000031e7550 code [0x00000000031e76e0, 0x00000000031e7c38]
Event: 2.055 Thread 0x0000000015330800  617       3       sun.invoke.util.VerifyAccess::isClassAccessible (66 bytes)
Event: 2.056 Thread 0x0000000015330800 nmethod 617 0x00000000031f02d0 code [0x00000000031f04a0, 0x00000000031f0b28]
Event: 2.056 Thread 0x0000000015330800  618       3       sun.invoke.util.VerifyAccess::getClassModifiers (24 bytes)
Event: 2.056 Thread 0x0000000015330800 nmethod 618 0x00000000031f0d10 code [0x00000000031f0ea0, 0x00000000031f1298]
Event: 2.071 Thread 0x000000001532b000  619       4       sun.net.www.ParseUtil::encodePath (336 bytes)
Event: 2.074 Thread 0x0000000015330800  620       3       java.util.jar.JarFile::maybeInstantiateVerifier (96 bytes)
Event: 2.075 Thread 0x0000000015330800 nmethod 620 0x00000000031f3210 code [0x00000000031f3440, 0x00000000031f40e8]
Event: 2.078 Thread 0x0000000015330800  621       1       java.lang.invoke.MethodType::parameterCount (6 bytes)
Event: 2.078 Thread 0x0000000015330800 nmethod 621 0x00000000031f4ad0 code [0x00000000031f4c20, 0x00000000031f4d30]

GC Heap History (0 events):
No events

Deoptimization events (3 events):
Event: 0.569 Thread 0x0000000002d2e000 Uncommon trap: reason=unstable_if action=reinterpret pc=0x00000000030962b8 method=java.lang.String.hashCode()I @ 14
Event: 1.466 Thread 0x0000000016b04800 Uncommon trap: reason=unstable_if action=reinterpret pc=0x0000000003134dcc method=java.lang.String.replace(CC)Ljava/lang/String; @ 26
Event: 1.697 Thread 0x0000000016b04800 Uncommon trap: reason=unstable_if action=reinterpret pc=0x0000000003162eb0 method=java.lang.String.indexOf([CII[CIII)I @ 134

Classes redefined (0 events):
No events

Internal exceptions (10 events):
Event: 0.371 Thread 0x0000000002d2e000 Exception <a 'java/lang/NoSuchMethodError': Method sun.misc.Unsafe.prefetchRead(Ljava/lang/Object;J)V name or signature does not match> (0x00000000eb207f88) thrown at [C:\re\workspace\8-2-build-windows-amd64-cygwin\jdk8u161\10277\hotspot\src\share\vm\prim
Event: 0.712 Thread 0x0000000002d2e000 Exception <a 'java/lang/NoSuchFieldError': method resolution failed> (0x00000000eb3eabd0) thrown at [C:\re\workspace\8-2-build-windows-amd64-cygwin\jdk8u161\10277\hotspot\src\share\vm\prims\methodHandles.cpp, line 1167]
Event: 0.734 Thread 0x0000000002d2e000 Exception <a 'java/lang/NoSuchFieldError': method resolution failed> (0x00000000eb3f7f60) thrown at [C:\re\workspace\8-2-build-windows-amd64-cygwin\jdk8u161\10277\hotspot\src\share\vm\prims\methodHandles.cpp, line 1167]
Event: 0.804 Thread 0x0000000016a83000 Exception <a 'java/security/PrivilegedActionException'> (0x00000000eb4a7ff8) thrown at [C:\re\workspace\8-2-build-windows-amd64-cygwin\jdk8u161\10277\hotspot\src\share\vm\prims\jvm.cpp, line 1390]
Event: 0.804 Thread 0x0000000016a83000 Exception <a 'java/security/PrivilegedActionException'> (0x00000000eb4a8208) thrown at [C:\re\workspace\8-2-build-windows-amd64-cygwin\jdk8u161\10277\hotspot\src\share\vm\prims\jvm.cpp, line 1390]
Event: 0.807 Thread 0x0000000016a83000 Exception <a 'java/security/PrivilegedActionException'> (0x00000000eb4abe78) thrown at [C:\re\workspace\8-2-build-windows-amd64-cygwin\jdk8u161\10277\hotspot\src\share\vm\prims\jvm.cpp, line 1390]
Event: 0.807 Thread 0x0000000016a83000 Exception <a 'java/security/PrivilegedActionException'> (0x00000000eb4ac088) thrown at [C:\re\workspace\8-2-build-windows-amd64-cygwin\jdk8u161\10277\hotspot\src\share\vm\prims\jvm.cpp, line 1390]
Event: 0.808 Thread 0x0000000016a83000 Exception <a 'java/lang/NullPointerException'> (0x00000000eb4ac660) thrown at [C:\re\workspace\8-2-build-windows-amd64-cygwin\jdk8u161\10277\hotspot\src\share\vm\interpreter\linkResolver.cpp, line 1185]
Event: 1.567 Thread 0x0000000016b04800 Exception <a 'java/lang/NullPointerException'> (0x00000000ebaf5a30) thrown at [C:\re\workspace\8-2-build-windows-amd64-cygwin\jdk8u161\10277\hotspot\src\share\vm\interpreter\linkResolver.cpp, line 1185]
Event: 1.567 Thread 0x0000000016b04800 Exception <a 'java/lang/NullPointerException'> (0x00000000ebaf5a30) thrown at [C:\re\workspace\8-2-build-windows-amd64-cygwin\jdk8u161\10277\hotspot\src\share\vm\prims\jvm.cpp, line 1394]

Events (10 events):
Event: 2.071 loading class com/sun/javafx/tk/quantum/GestureRecognizers
Event: 2.071 loading class com/sun/javafx/tk/quantum/GestureRecognizers done
Event: 2.072 loading class com/sun/javafx/tk/quantum/SwipeGestureRecognizer
Event: 2.072 loading class com/sun/javafx/tk/quantum/SwipeGestureRecognizer done
Event: 2.073 loading class com/sun/javafx/tk/quantum/SwipeGestureRecognizer$SwipeRecognitionState
Event: 2.073 loading class com/sun/javafx/tk/quantum/SwipeGestureRecognizer$SwipeRecognitionState done
Event: 2.074 loading class com/sun/javafx/tk/quantum/SwipeGestureRecognizer$MultiTouchTracker
Event: 2.074 loading class com/sun/javafx/tk/quantum/SwipeGestureRecognizer$MultiTouchTracker done
Event: 2.076 loading class com/sun/javafx/tk/quantum/SwipeGestureRecognizer$CenterComputer
Event: 2.076 loading class com/sun/javafx/tk/quantum/SwipeGestureRecognizer$CenterComputer done


Dynamic libraries:
0x00007ff7f7bc0000 - 0x00007ff7f7bf7000 	C:\Program Files\Java\jre1.8.0_161\bin\javaw.exe
0x00007ffc54810000 - 0x00007ffc549e2000 	C:\windows\SYSTEM32\ntdll.dll
0x00007ffc53be0000 - 0x00007ffc53c8c000 	C:\windows\System32\KERNEL32.DLL
0x00007ffc510e0000 - 0x00007ffc512fd000 	C:\windows\System32\KERNELBASE.dll
0x00007ffc51ee0000 - 0x00007ffc51f82000 	C:\windows\System32\ADVAPI32.dll
0x00007ffc53c90000 - 0x00007ffc53d2e000 	C:\windows\System32\msvcrt.dll
0x00007ffc53b10000 - 0x00007ffc53b69000 	C:\windows\System32\sechost.dll
0x00007ffc51da0000 - 0x00007ffc51ec1000 	C:\windows\System32\RPCRT4.dll
0x00007ffc53ef0000 - 0x00007ffc54055000 	C:\windows\System32\USER32.dll
0x00007ffc51300000 - 0x00007ffc5131e000 	C:\windows\System32\win32u.dll
0x00007ffc53e90000 - 0x00007ffc53ec4000 	C:\windows\System32\GDI32.dll
0x00007ffc51b00000 - 0x00007ffc51c80000 	C:\windows\System32\gdi32full.dll
0x00007ffc46ba0000 - 0x00007ffc46e1a000 	C:\windows\WinSxS\amd64_microsoft.windows.common-controls_6595b64144ccf1df_6.0.14393.953_none_42151e83c686086b\COMCTL32.dll
0x00007ffc542e0000 - 0x00007ffc545a8000 	C:\windows\System32\combase.dll
0x00007ffc51a00000 - 0x00007ffc51af5000 	C:\windows\System32\ucrtbase.dll
0x00007ffc51d30000 - 0x00007ffc51d9a000 	C:\windows\System32\bcryptPrimitives.dll
0x00007ffc541d0000 - 0x00007ffc541fe000 	C:\windows\System32\IMM32.DLL
0x00000000653f0000 - 0x00000000654c2000 	C:\Program Files\Java\jre1.8.0_161\bin\msvcr100.dll
0x0000000064b50000 - 0x00000000653ef000 	C:\Program Files\Java\jre1.8.0_161\bin\server\jvm.dll
0x00007ffc54060000 - 0x00007ffc54068000 	C:\windows\System32\PSAPI.DLL
0x00007ffc4b1b0000 - 0x00007ffc4b1b9000 	C:\windows\SYSTEM32\WSOCK32.dll
0x00007ffc4f100000 - 0x00007ffc4f123000 	C:\windows\SYSTEM32\WINMM.dll
0x00007ffc54270000 - 0x00007ffc542da000 	C:\windows\System32\WS2_32.dll
0x00007ffc46fc0000 - 0x00007ffc46fca000 	C:\windows\SYSTEM32\VERSION.dll
0x00007ffc4f0a0000 - 0x00007ffc4f0cb000 	C:\windows\SYSTEM32\WINMMBASE.dll
0x00007ffc50e20000 - 0x00007ffc50e62000 	C:\windows\System32\cfgmgr32.dll
0x0000000064b40000 - 0x0000000064b4f000 	C:\Program Files\Java\jre1.8.0_161\bin\verify.dll
0x0000000064b10000 - 0x0000000064b39000 	C:\Program Files\Java\jre1.8.0_161\bin\java.dll
0x0000000064af0000 - 0x0000000064b06000 	C:\Program Files\Java\jre1.8.0_161\bin\zip.dll
0x00007ffc521d0000 - 0x00007ffc536d8000 	C:\windows\System32\SHELL32.dll
0x00007ffc51320000 - 0x00007ffc519f8000 	C:\windows\System32\windows.storage.dll
0x00007ffc50ca0000 - 0x00007ffc50cec000 	C:\windows\System32\powrprof.dll
0x00007ffc54110000 - 0x00007ffc54162000 	C:\windows\System32\shlwapi.dll
0x00007ffc50c90000 - 0x00007ffc50c9f000 	C:\windows\System32\kernel.appcore.dll
0x00007ffc50d70000 - 0x00007ffc50e19000 	C:\windows\System32\shcore.dll
0x00007ffc50cf0000 - 0x00007ffc50d04000 	C:\windows\System32\profapi.dll
0x0000000002cb0000 - 0x0000000002cb3000 	C:\Program Files\Java\jre1.8.0_161\bin\api-ms-win-core-console-l1-1-0.dll
0x0000000002cc0000 - 0x0000000002cc3000 	C:\Program Files\Java\jre1.8.0_161\bin\api-ms-win-core-datetime-l1-1-0.dll
0x0000000002cd0000 - 0x0000000002cd3000 	C:\Program Files\Java\jre1.8.0_161\bin\api-ms-win-core-debug-l1-1-0.dll
0x0000000002ce0000 - 0x0000000002ce3000 	C:\Program Files\Java\jre1.8.0_161\bin\api-ms-win-core-errorhandling-l1-1-0.dll
0x0000000002cf0000 - 0x0000000002cf4000 	C:\Program Files\Java\jre1.8.0_161\bin\api-ms-win-core-file-l1-1-0.dll
0x0000000002d00000 - 0x0000000002d03000 	C:\Program Files\Java\jre1.8.0_161\bin\api-ms-win-core-file-l1-2-0.dll
0x0000000002d10000 - 0x0000000002d13000 	C:\Program Files\Java\jre1.8.0_161\bin\api-ms-win-core-file-l2-1-0.dll
0x0000000002d30000 - 0x0000000002d33000 	C:\Program Files\Java\jre1.8.0_161\bin\api-ms-win-core-handle-l1-1-0.dll
0x0000000002d40000 - 0x0000000002d43000 	C:\Program Files\Java\jre1.8.0_161\bin\api-ms-win-core-heap-l1-1-0.dll
0x0000000002d50000 - 0x0000000002d53000 	C:\Program Files\Java\jre1.8.0_161\bin\api-ms-win-core-interlocked-l1-1-0.dll
0x0000000016c60000 - 0x0000000016c63000 	C:\Program Files\Java\jre1.8.0_161\bin\api-ms-win-core-libraryloader-l1-1-0.dll
0x0000000016c70000 - 0x0000000016c73000 	C:\Program Files\Java\jre1.8.0_161\bin\api-ms-win-core-localization-l1-2-0.dll
0x0000000016c80000 - 0x0000000016c83000 	C:\Program Files\Java\jre1.8.0_161\bin\api-ms-win-core-memory-l1-1-0.dll
0x0000000016c90000 - 0x0000000016c93000 	C:\Program Files\Java\jre1.8.0_161\bin\api-ms-win-core-namedpipe-l1-1-0.dll
0x0000000016ca0000 - 0x0000000016ca3000 	C:\Program Files\Java\jre1.8.0_161\bin\api-ms-win-core-processenvironment-l1-1-0.dll
0x0000000016cb0000 - 0x0000000016cb3000 	C:\Program Files\Java\jre1.8.0_161\bin\api-ms-win-core-processthreads-l1-1-0.dll
0x0000000016cc0000 - 0x0000000016cc3000 	C:\Program Files\Java\jre1.8.0_161\bin\api-ms-win-core-processthreads-l1-1-1.dll
0x0000000016cd0000 - 0x0000000016cd3000 	C:\Program Files\Java\jre1.8.0_161\bin\api-ms-win-core-profile-l1-1-0.dll
0x0000000016ce0000 - 0x0000000016ce3000 	C:\Program Files\Java\jre1.8.0_161\bin\api-ms-win-core-rtlsupport-l1-1-0.dll
0x0000000016cf0000 - 0x0000000016cf3000 	C:\Program Files\Java\jre1.8.0_161\bin\api-ms-win-core-string-l1-1-0.dll
0x0000000016d00000 - 0x0000000016d03000 	C:\Program Files\Java\jre1.8.0_161\bin\api-ms-win-core-synch-l1-1-0.dll
0x0000000016d10000 - 0x0000000016d13000 	C:\Program Files\Java\jre1.8.0_161\bin\api-ms-win-core-synch-l1-2-0.dll
0x0000000016d20000 - 0x0000000016d23000 	C:\Program Files\Java\jre1.8.0_161\bin\api-ms-win-core-sysinfo-l1-1-0.dll
0x0000000016d30000 - 0x0000000016d33000 	C:\Program Files\Java\jre1.8.0_161\bin\api-ms-win-core-timezone-l1-1-0.dll
0x0000000016d40000 - 0x0000000016d43000 	C:\Program Files\Java\jre1.8.0_161\bin\api-ms-win-core-util-l1-1-0.dll
0x0000000016d50000 - 0x0000000016d53000 	C:\Program Files\Java\jre1.8.0_161\bin\api-ms-win-crt-conio-l1-1-0.dll
0x0000000016d60000 - 0x0000000016d64000 	C:\Program Files\Java\jre1.8.0_161\bin\api-ms-win-crt-convert-l1-1-0.dll
0x0000000016d70000 - 0x0000000016d73000 	C:\Program Files\Java\jre1.8.0_161\bin\api-ms-win-crt-environment-l1-1-0.dll
0x0000000016d80000 - 0x0000000016d83000 	C:\Program Files\Java\jre1.8.0_161\bin\api-ms-win-crt-filesystem-l1-1-0.dll
0x0000000016d90000 - 0x0000000016d93000 	C:\Program Files\Java\jre1.8.0_161\bin\api-ms-win-crt-heap-l1-1-0.dll
0x0000000016da0000 - 0x0000000016da3000 	C:\Program Files\Java\jre1.8.0_161\bin\api-ms-win-crt-locale-l1-1-0.dll
0x0000000016db0000 - 0x0000000016db5000 	C:\Program Files\Java\jre1.8.0_161\bin\api-ms-win-crt-math-l1-1-0.dll
0x0000000016dc0000 - 0x0000000016dc5000 	C:\Program Files\Java\jre1.8.0_161\bin\api-ms-win-crt-multibyte-l1-1-0.dll
0x0000000016dd0000 - 0x0000000016de0000 	C:\Program Files\Java\jre1.8.0_161\bin\api-ms-win-crt-private-l1-1-0.dll
0x0000000016de0000 - 0x0000000016de3000 	C:\Program Files\Java\jre1.8.0_161\bin\api-ms-win-crt-process-l1-1-0.dll
0x0000000016df0000 - 0x0000000016df4000 	C:\Program Files\Java\jre1.8.0_161\bin\api-ms-win-crt-runtime-l1-1-0.dll
0x0000000016e00000 - 0x0000000016e04000 	C:\Program Files\Java\jre1.8.0_161\bin\api-ms-win-crt-stdio-l1-1-0.dll
0x0000000016e10000 - 0x0000000016e14000 	C:\Program Files\Java\jre1.8.0_161\bin\api-ms-win-crt-string-l1-1-0.dll
0x0000000016e20000 - 0x0000000016e23000 	C:\Program Files\Java\jre1.8.0_161\bin\api-ms-win-crt-time-l1-1-0.dll
0x0000000016e30000 - 0x0000000016e33000 	C:\Program Files\Java\jre1.8.0_161\bin\api-ms-win-crt-utility-l1-1-0.dll
0x00007ffc2d960000 - 0x00007ffc2da56000 	C:\Program Files\Java\jre1.8.0_161\bin\ucrtbase.dll
0x00007ffc3beb0000 - 0x00007ffc3bf01000 	C:\Program Files\Java\jre1.8.0_161\bin\concrt140.dll
0x00007ffc2d300000 - 0x00007ffc2d39c000 	C:\Program Files\Java\jre1.8.0_161\bin\MSVCP140.dll
0x00007ffc44340000 - 0x00007ffc44356000 	C:\Program Files\Java\jre1.8.0_161\bin\VCRUNTIME140.dll
0x0000000064a70000 - 0x0000000064a93000 	C:\Program Files\Java\jre1.8.0_161\bin\prism_d3d.dll
0x00007ffc2d170000 - 0x00007ffc2d2fd000 	C:\windows\system32\d3d9.dll
0x00007ffc4eb80000 - 0x00007ffc4eba6000 	C:\windows\SYSTEM32\dwmapi.dll
0x00007ffc4f540000 - 0x00007ffc4f5d5000 	C:\windows\system32\uxtheme.dll
0x00000000646b0000 - 0x00000000646cc000 	C:\Program Files\Java\jre1.8.0_161\bin\prism_sw.dll
0x0000000064a20000 - 0x0000000064a69000 	C:\Program Files\Java\jre1.8.0_161\bin\glass.dll
0x00007ffc520d0000 - 0x00007ffc521ca000 	C:\windows\System32\COMDLG32.dll
0x00007ffc51f90000 - 0x00007ffc520c8000 	C:\windows\System32\ole32.dll
0x00007ffc545b0000 - 0x00007ffc5466f000 	C:\windows\System32\OLEAUT32.dll
0x00007ffc51040000 - 0x00007ffc510dc000 	C:\windows\System32\msvcp_win.dll
0x00007ffc53d30000 - 0x00007ffc53e8a000 	C:\windows\System32\MSCTF.dll
0x00000000647e0000 - 0x00000000647f4000 	C:\Program Files\Java\jre1.8.0_161\bin\javafx_font.dll
0x00007ffc47390000 - 0x00007ffc475f9000 	C:\windows\SYSTEM32\dwrite.dll
0x00007ffc54070000 - 0x00007ffc5410f000 	C:\windows\System32\clbcatq.dll
0x00007ffc4e610000 - 0x00007ffc4e7b8000 	C:\windows\SYSTEM32\WindowsCodecs.dll
0x00007ffc34f30000 - 0x00007ffc34f79000 	C:\windows\system32\dataexchange.dll
0x00007ffc4dd40000 - 0x00007ffc4dff6000 	C:\windows\system32\d3d11.dll
0x00007ffc4ecd0000 - 0x00007ffc4ee21000 	C:\windows\system32\dcomp.dll
0x00007ffc4fd20000 - 0x00007ffc4fdbf000 	C:\windows\system32\dxgi.dll
0x00007ffc4f7b0000 - 0x00007ffc4f8cc000 	C:\windows\system32\twinapi.appcore.dll
0x00007ffc50bc0000 - 0x00007ffc50beb000 	C:\windows\system32\bcrypt.dll
0x00007ffc42d70000 - 0x00007ffc42da2000 	C:\Program Files\Common Files\Microsoft Shared\Ink\rtscom.dll

VM Arguments:
jvm_args: -Dfile.encoding=Cp1252 
java_command: Main.Main
java_class_path (initial): C:\Program Files\Java\jre1.8.0_161\lib\resources.jar;C:\Program Files\Java\jre1.8.0_161\lib\rt.jar;C:\Program Files\Java\jre1.8.0_161\lib\jsse.jar;C:\Program Files\Java\jre1.8.0_161\lib\jce.jar;C:\Program Files\Java\jre1.8.0_161\lib\charsets.jar;C:\Program Files\Java\jre1.8.0_161\lib\jfr.jar;C:\Program Files\Java\jre1.8.0_161\lib\ext\access-bridge-64.jar;C:\Program Files\Java\jre1.8.0_161\lib\ext\cldrdata.jar;C:\Program Files\Java\jre1.8.0_161\lib\ext\dnsns.jar;C:\Program Files\Java\jre1.8.0_161\lib\ext\jaccess.jar;C:\Program Files\Java\jre1.8.0_161\lib\ext\jfxrt.jar;C:\Program Files\Java\jre1.8.0_161\lib\ext\localedata.jar;C:\Program Files\Java\jre1.8.0_161\lib\ext\nashorn.jar;C:\Program Files\Java\jre1.8.0_161\lib\ext\sunec.jar;C:\Program Files\Java\jre1.8.0_161\lib\ext\sunjce_provider.jar;C:\Program Files\Java\jre1.8.0_161\lib\ext\sunmscapi.jar;C:\Program Files\Java\jre1.8.0_161\lib\ext\sunpkcs11.jar;C:\Program Files\Java\jre1.8.0_161\lib\ext\zipfs.jar;C:\Users\amand\Desktop\CPSC_233_Tut_6_Group_5_Project-master-c26a580ede71c1836be70b1fd843537582fda961\CPSC_233_Tut_6_Group_5_Project\CPSC_233_Tut_6_Group_5_Project
Launcher Type: SUN_STANDARD

Environment Variables:
PATH=C:/Program Files/Java/jre1.8.0_161/bin/server;C:/Program Files/Java/jre1.8.0_161/bin;C:/Program Files/Java/jre1.8.0_161/lib/amd64;C:\ProgramData\Oracle\Java\javapath;C:\Program Files (x86)\Intel\TXE Components\TCS\;C:\Program Files\Intel\TXE Components\TCS\;C:\windows\system32;C:\windows;C:\windows\System32\Wbem;C:\windows\System32\WindowsPowerShell\v1.0\;C:\Program Files\Intel\TXE Components\DAL\;C:\Program Files (x86)\Intel\TXE Components\DAL\;C:\Program Files\Intel\TXE Components\IPT\;C:\Program Files (x86)\Intel\TXE Components\IPT\;c:\Program Files\Intel\WiFi\bin\;c:\Program Files\Common Files\Intel\WirelessCommon\;C:\Program Files\Git\cmd;C:\Users\amand\AppData\Local\Microsoft\WindowsApps;;C:\Program Files\Java\jre1.8.0_161\bin;C:\Users\amand\Downloads\eclipse-java-oxygen-2-win32-x86_64\eclipse;
USERNAME=amand
OS=Windows_NT
PROCESSOR_IDENTIFIER=Intel64 Family 6 Model 76 Stepping 4, GenuineIntel



---------------  S Y S T E M  ---------------

OS: Windows 10.0 , 64 bit Build 14393 (10.0.14393.1198)

CPU:total 2 (initial active 2) (2 cores per cpu, 1 threads per core) family 6 model 76 stepping 4, cmov, cx8, fxsr, mmx, sse, sse2, sse3, ssse3, sse4.1, sse4.2, popcnt, aes, clmul, erms, 3dnowpref, tsc, tscinvbit

Memory: 4k page, physical 4097616k(939240k free), swap 5737732k(4960k free)

vm_info: Java HotSpot(TM) 64-Bit Server VM (25.161-b12) for windows-amd64 JRE (1.8.0_161-b12), built on Dec 19 2017 17:52:25 by "java_re" with MS VC++ 10.0 (VS2010)

time: Thu Mar 15 15:02:24 2018
elapsed time: 2 seconds (0d 0h 0m 2s)

