#
# There is insufficient memory for the Java Runtime Environment to continue.
# Native memory allocation (malloc) failed to allocate 1048576 bytes for AllocateHeap
# Possible reasons:
#   The system is out of physical RAM or swap space
#   In 32 bit mode, the process size limit was hit
# Possible solutions:
#   Reduce memory load on the system
#   Increase physical memory or swap space
#   Check if swap backing store is full
#   Use 64 bit Java on a 64 bit OS
#   Decrease Java heap size (-Xmx/-Xms)
#   Decrease number of Java threads
#   Decrease Java thread stack sizes (-Xss)
#   Set larger code cache with -XX:ReservedCodeCacheSize=
# This output file may be truncated or incomplete.
#
#  Out of Memory Error (memory/allocation.inline.hpp:61), pid=8844, tid=0x0000000000002910
#
# JRE version:  (8.0_161-b12) (build )
# Java VM: Java HotSpot(TM) 64-Bit Server VM (25.161-b12 mixed mode windows-amd64 compressed oops)
# Failed to write core dump. Minidumps are not enabled by default on client versions of Windows
#

---------------  T H R E A D  ---------------

Current thread (0x00000000025de000):  JavaThread "Unknown thread" [_thread_in_vm, id=10512, stack(0x0000000002360000,0x0000000002460000)]

Stack: [0x0000000002360000,0x0000000002460000]
[error occurred during error reporting (printing stack bounds), id 0xc0000005]

Native frames: (J=compiled Java code, j=interpreted, Vv=VM code, C=native code)


---------------  P R O C E S S  ---------------

Java Threads: ( => current thread )

Other Threads:

=>0x00000000025de000 (exited) JavaThread "Unknown thread" [_thread_in_vm, id=10512, stack(0x0000000002360000,0x0000000002460000)]

VM state:not at safepoint (normal execution)

VM Mutex/Monitor currently owned by a thread: None

Heap:
 PSYoungGen      total 18944K, used 327K [0x00000000eb200000, 0x00000000ec700000, 0x0000000100000000)
  eden space 16384K, 2% used [0x00000000eb200000,0x00000000eb251ec8,0x00000000ec200000)
  from space 2560K, 0% used [0x00000000ec480000,0x00000000ec480000,0x00000000ec700000)
  to   space 2560K, 0% used [0x00000000ec200000,0x00000000ec200000,0x00000000ec480000)
 ParOldGen       total 44032K, used 0K [0x00000000c1600000, 0x00000000c4100000, 0x00000000eb200000)
  object space 44032K, 0% used [0x00000000c1600000,0x00000000c1600000,0x00000000c4100000)
 Metaspace       used 747K, capacity 4480K, committed 4480K, reserved 1056768K
  class space    used 75K, capacity 384K, committed 384K, reserved 1048576K

Card table byte_map: [0x00000000119a0000,0x0000000011ba0000] byte_map_base: 0x0000000011395000

Marking Bits: (ParMarkBitMap*) 0x000000005aeef860
 Begin Bits: [0x0000000011ef0000, 0x0000000012e98000)
 End Bits:   [0x0000000012e98000, 0x0000000013e40000)

Polling page: 0x0000000000720000

CodeCache: size=245760Kb used=327Kb max_used=327Kb free=245432Kb
 bounds [0x00000000025e0000, 0x0000000002850000, 0x00000000115e0000]
 total_blobs=57 nmethods=0 adapters=38
 compilation: enabled

Compilation events (0 events):
No events

GC Heap History (0 events):
No events

Deoptimization events (0 events):
No events

Classes redefined (0 events):
No events

Internal exceptions (0 events):
No events

Events (10 events):
Event: 0.291 loading class java/lang/Short
Event: 0.291 loading class java/lang/Short done
Event: 0.291 loading class java/lang/Integer
Event: 0.291 loading class java/lang/Integer done
Event: 0.291 loading class java/lang/Long
Event: 0.292 loading class java/lang/Long done
Event: 0.294 loading class java/lang/NullPointerException
Event: 0.295 loading class java/lang/NullPointerException done
Event: 0.295 loading class java/lang/ArithmeticException
Event: 0.295 loading class java/lang/ArithmeticException done


Dynamic libraries:
0x00007ff7e2280000 - 0x00007ff7e22b7000 	C:\Program Files\Java\jre1.8.0_161\bin\javaw.exe
0x00007ff8007d0000 - 0x00007ff8009a2000 	C:\windows\SYSTEM32\ntdll.dll
0x00007ffffdde0000 - 0x00007ffffde8c000 	C:\windows\System32\KERNEL32.DLL
0x00007ffffcf20000 - 0x00007ffffd13d000 	C:\windows\System32\KERNELBASE.dll
0x00007ffffde90000 - 0x00007ffffdf32000 	C:\windows\System32\ADVAPI32.dll
0x00007ff8002c0000 - 0x00007ff80035e000 	C:\windows\System32\msvcrt.dll
0x00007fffffc90000 - 0x00007fffffce9000 	C:\windows\System32\sechost.dll
0x00007ffffe530000 - 0x00007ffffe651000 	C:\windows\System32\RPCRT4.dll
0x00007ff800080000 - 0x00007ff8001e5000 	C:\windows\System32\USER32.dll
0x00007ffffce60000 - 0x00007ffffce7e000 	C:\windows\System32\win32u.dll
0x00007ff800360000 - 0x00007ff800394000 	C:\windows\System32\GDI32.dll
0x00007ffffd890000 - 0x00007ffffda10000 	C:\windows\System32\gdi32full.dll
0x00007ffff27f0000 - 0x00007ffff2a6a000 	C:\windows\WinSxS\amd64_microsoft.windows.common-controls_6595b64144ccf1df_6.0.14393.953_none_42151e83c686086b\COMCTL32.dll
0x00007ffffe0e0000 - 0x00007ffffe3a8000 	C:\windows\System32\combase.dll
0x00007ffffccb0000 - 0x00007ffffcda5000 	C:\windows\System32\ucrtbase.dll
0x00007ffffd140000 - 0x00007ffffd1aa000 	C:\windows\System32\bcryptPrimitives.dll
0x00007fffffe50000 - 0x00007fffffe7e000 	C:\windows\System32\IMM32.DLL
0x000000005af70000 - 0x000000005b042000 	C:\Program Files\Java\jre1.8.0_161\bin\msvcr100.dll
0x000000005a6d0000 - 0x000000005af6f000 	C:\Program Files\Java\jre1.8.0_161\bin\server\jvm.dll
0x00007ffffe3b0000 - 0x00007ffffe3b8000 	C:\windows\System32\PSAPI.DLL
0x00007ffffae30000 - 0x00007ffffae53000 	C:\windows\SYSTEM32\WINMM.dll
0x00007ffff6770000 - 0x00007ffff6779000 	C:\windows\SYSTEM32\WSOCK32.dll
0x00007ffffe4c0000 - 0x00007ffffe52a000 	C:\windows\System32\WS2_32.dll
0x00007ffffae00000 - 0x00007ffffae2b000 	C:\windows\SYSTEM32\WINMMBASE.dll
0x00007ffffce10000 - 0x00007ffffce52000 	C:\windows\System32\cfgmgr32.dll
0x00007ffff2c00000 - 0x00007ffff2c0a000 	C:\windows\SYSTEM32\VERSION.dll
0x000000005a6c0000 - 0x000000005a6cf000 	C:\Program Files\Java\jre1.8.0_161\bin\verify.dll
0x000000005a690000 - 0x000000005a6b9000 	C:\Program Files\Java\jre1.8.0_161\bin\java.dll
0x000000005a670000 - 0x000000005a686000 	C:\Program Files\Java\jre1.8.0_161\bin\zip.dll

VM Arguments:
jvm_args: -Dfile.encoding=Cp1252 
java_command: Main.Main
java_class_path (initial): C:\Program Files\Java\jre1.8.0_161\lib\resources.jar;C:\Program Files\Java\jre1.8.0_161\lib\rt.jar;C:\Program Files\Java\jre1.8.0_161\lib\jsse.jar;C:\Program Files\Java\jre1.8.0_161\lib\jce.jar;C:\Program Files\Java\jre1.8.0_161\lib\charsets.jar;C:\Program Files\Java\jre1.8.0_161\lib\jfr.jar;C:\Program Files\Java\jre1.8.0_161\lib\ext\access-bridge-64.jar;C:\Program Files\Java\jre1.8.0_161\lib\ext\cldrdata.jar;C:\Program Files\Java\jre1.8.0_161\lib\ext\dnsns.jar;C:\Program Files\Java\jre1.8.0_161\lib\ext\jaccess.jar;C:\Program Files\Java\jre1.8.0_161\lib\ext\jfxrt.jar;C:\Program Files\Java\jre1.8.0_161\lib\ext\localedata.jar;C:\Program Files\Java\jre1.8.0_161\lib\ext\nashorn.jar;C:\Program Files\Java\jre1.8.0_161\lib\ext\sunec.jar;C:\Program Files\Java\jre1.8.0_161\lib\ext\sunjce_provider.jar;C:\Program Files\Java\jre1.8.0_161\lib\ext\sunmscapi.jar;C:\Program Files\Java\jre1.8.0_161\lib\ext\sunpkcs11.jar;C:\Program Files\Java\jre1.8.0_161\lib\ext\zipfs.jar;C:\Users\amand\Desktop\CPSC_233_Tut_6_Group_5_Project-master-c26a580ede71c1836be70b1fd843537582fda961\CPSC_233_Tut_6_Group_5_Project
Launcher Type: SUN_STANDARD

Environment Variables:
PATH=C:/Program Files/Java/jre1.8.0_161/bin/server;C:/Program Files/Java/jre1.8.0_161/bin;C:/Program Files/Java/jre1.8.0_161/lib/amd64;C:\ProgramData\Oracle\Java\javapath;C:\Program Files (x86)\Intel\TXE Components\TCS\;C:\Program Files\Intel\TXE Components\TCS\;C:\windows\system32;C:\windows;C:\windows\System32\Wbem;C:\windows\System32\WindowsPowerShell\v1.0\;C:\Program Files\Intel\TXE Components\DAL\;C:\Program Files (x86)\Intel\TXE Components\DAL\;C:\Program Files\Intel\TXE Components\IPT\;C:\Program Files (x86)\Intel\TXE Components\IPT\;c:\Program Files\Intel\WiFi\bin\;c:\Program Files\Common Files\Intel\WirelessCommon\;C:\Program Files\Git\cmd;C:\Users\amand\AppData\Local\Microsoft\WindowsApps;;C:\Program Files\Java\jre1.8.0_161\bin;C:\Program Files\Java\jre1.8.0_161\bin;C:\Program Files\Java\jre1.8.0_161\bin;C:\Users\amand\Downloads\eclipse-java-oxygen-2-win32-x86_64\eclipse;
USERNAME=amand
OS=Windows_NT
PROCESSOR_IDENTIFIER=Intel64 Family 6 Model 76 Stepping 4, GenuineIntel



---------------  S Y S T E M  ---------------

OS: Windows 10.0 , 64 bit Build 14393 (10.0.14393.1198)

CPU:total 2 (initial active 2) (2 cores per cpu, 1 threads per core) family 6 model 76 stepping 4, cmov, cx8, fxsr, mmx, sse, sse2, sse3, ssse3, sse4.1, sse4.2, popcnt, aes, clmul, erms, 3dnowpref, tsc, tscinvbit

Memory: 4k page, physical 4097616k(805712k free), swap 5381168k(5704k free)

vm_info: Java HotSpot(TM) 64-Bit Server VM (25.161-b12) for windows-amd64 JRE (1.8.0_161-b12), built on Dec 19 2017 17:52:25 by "java_re" with MS VC++ 10.0 (VS2010)

time: Thu Apr 12 10:31:14 2018
elapsed time: 0 seconds (0d 0h 0m 0s)

